0 info it worked if it ends with ok
1 verbose cli [ 'D:\\Program Files\\nodejs\\node.exe',
1 verbose cli   'D:\\Program Files\\nodejs\\node_modules\\npm\\bin\\npm-cli.js',
1 verbose cli   'publish' ]
2 info using npm@2.14.4
3 info using node@v4.1.1
4 verbose publish [ '.' ]
5 silly cache add args [ '.', null ]
6 verbose cache add spec .
7 silly cache add parsed spec Result {
7 silly cache add   raw: '.',
7 silly cache add   scope: null,
7 silly cache add   name: null,
7 silly cache add   rawSpec: '.',
7 silly cache add   spec: 'C:\\Users\\Yaron\\Downloads\\rdeclare',
7 silly cache add   type: 'directory' }
8 verbose addLocalDirectory C:\Users\Yaron\AppData\Roaming\npm-cache\rdeclare\0.0.1\package.tgz not in flight; packing
9 verbose tar pack [ 'C:\\Users\\Yaron\\AppData\\Roaming\\npm-cache\\rdeclare\\0.0.1\\package.tgz',
9 verbose tar pack   'C:\\Users\\Yaron\\Downloads\\rdeclare' ]
10 verbose tarball C:\Users\Yaron\AppData\Roaming\npm-cache\rdeclare\0.0.1\package.tgz
11 verbose folder C:\Users\Yaron\Downloads\rdeclare
12 info prepublish rdeclare@0.0.1
13 verbose addLocalTarball adding from inside cache C:\Users\Yaron\AppData\Roaming\npm-cache\rdeclare\0.0.1\package.tgz
14 silly cache afterAdd rdeclare@0.0.1
15 verbose afterAdd C:\Users\Yaron\AppData\Roaming\npm-cache\rdeclare\0.0.1\package\package.json not in flight; writing
16 verbose afterAdd C:\Users\Yaron\AppData\Roaming\npm-cache\rdeclare\0.0.1\package\package.json written
17 silly publish { name: 'rdeclare',
17 silly publish   description: 'declaring AJAX RPCs easily',
17 silly publish   version: '0.0.1',
17 silly publish   keywords: [],
17 silly publish   main: './rdeclare.js',
17 silly publish   dependencies: { 'body-parser': 'latest' },
17 silly publish   devDependencies: {},
17 silly publish   repository:
17 silly publish    { type: 'git',
17 silly publish      url: 'git+https://github.com/HelloGravity/rdeclare.git' },
17 silly publish   license: 'MIT',
17 silly publish   readme: 'declaring AJAX RPCs easily.  \r\nrdeclare binds itself to \'/rpc-api\' \r\n\r\nExample Usage:\r\n\r\n**Server**\r\n```js\r\nvar app = require(\'express\')();\r\nvar server = require(\'http\').Server(app);\r\nvar rdeclare = require(\'rdclare\')(server);\r\n\r\n/* Declare RPC method */\r\nrdeclare(\'some_function\', function(arg1, arg2, cb) {\r\n    /* do something with the args*/\r\n    long_async_operation(arg1 + arg2, function() {\r\n        cb(arg2, arg1);\r\n    });\r\n});    \r\n\r\n```\r\n\r\n**Client**\r\n```js\r\nvar rcall = require(\'rcall\'); \r\n\r\n/* Call RPC method */\r\nrcall(\'some_function\', [\'a\', \'b\'], function (arg1, arg2) {\r\n    if (!err) {\r\n        console.log(arg1, arg2);\r\n    }\r\n}, this) /* rcall supports optional binding to a different context */\r\n```\r\n\r\n',
17 silly publish   readmeFilename: 'README.md',
17 silly publish   gitHead: '0887089075d3fc8031d18d3d421ac5a4cd245224',
17 silly publish   bugs: { url: 'https://github.com/HelloGravity/rdeclare/issues' },
17 silly publish   homepage: 'https://github.com/HelloGravity/rdeclare#readme',
17 silly publish   _id: 'rdeclare@0.0.1',
17 silly publish   scripts: {},
17 silly publish   _shasum: '105f1889b1b67a2f5611dbce3102bdaade11972f',
17 silly publish   _from: '.' }
18 verbose getPublishConfig undefined
19 silly mapToRegistry name rdeclare
20 silly mapToRegistry using default registry
21 silly mapToRegistry registry https://registry.npmjs.org/
22 silly mapToRegistry uri https://registry.npmjs.org/rdeclare
23 verbose publish registryBase https://registry.npmjs.org/
24 silly publish uploading C:\Users\Yaron\AppData\Roaming\npm-cache\rdeclare\0.0.1\package.tgz
25 verbose request uri https://registry.npmjs.org/rdeclare
26 verbose request sending authorization for write operation
27 info attempt registry request try #1 at 4:31:41 PM
28 verbose request using bearer token for auth
29 verbose request id faaf93273144008a
30 http request PUT https://registry.npmjs.org/rdeclare
31 http 403 https://registry.npmjs.org/rdeclare
32 verbose headers { 'content-type': 'application/json',
32 verbose headers   'cache-control': 'max-age=60',
32 verbose headers   'content-length': '95',
32 verbose headers   'accept-ranges': 'bytes',
32 verbose headers   date: 'Sat, 03 Oct 2015 13:31:50 GMT',
32 verbose headers   via: '1.1 varnish',
32 verbose headers   connection: 'keep-alive',
32 verbose headers   'x-served-by': 'cache-lhr6334-LHR',
32 verbose headers   'x-cache': 'MISS',
32 verbose headers   'x-cache-hits': '0',
32 verbose headers   'x-timer': 'S1443879109.877500,VS0,VE930' }
33 verbose request invalidating C:\Users\Yaron\AppData\Roaming\npm-cache\registry.npmjs.org\rdeclare on PUT
34 error publish Failed PUT 403
35 verbose stack Error: "You cannot publish over the previously published version 0.0.1." : rdeclare
35 verbose stack     at makeError (D:\Program Files\nodejs\node_modules\npm\node_modules\npm-registry-client\lib\request.js:263:12)
35 verbose stack     at CachingRegistryClient.<anonymous> (D:\Program Files\nodejs\node_modules\npm\node_modules\npm-registry-client\lib\request.js:251:14)
35 verbose stack     at Request._callback (D:\Program Files\nodejs\node_modules\npm\node_modules\npm-registry-client\lib\request.js:171:14)
35 verbose stack     at Request.self.callback (D:\Program Files\nodejs\node_modules\npm\node_modules\request\request.js:198:22)
35 verbose stack     at emitTwo (events.js:87:13)
35 verbose stack     at Request.emit (events.js:172:7)
35 verbose stack     at Request.<anonymous> (D:\Program Files\nodejs\node_modules\npm\node_modules\request\request.js:1073:14)
35 verbose stack     at emitOne (events.js:82:20)
35 verbose stack     at Request.emit (events.js:169:7)
35 verbose stack     at IncomingMessage.<anonymous> (D:\Program Files\nodejs\node_modules\npm\node_modules\request\request.js:1019:12)
36 verbose statusCode 403
37 verbose pkgid rdeclare
38 verbose cwd C:\Users\Yaron\Downloads\rdeclare
39 error Windows_NT 6.1.7601
40 error argv "D:\\Program Files\\nodejs\\node.exe" "D:\\Program Files\\nodejs\\node_modules\\npm\\bin\\npm-cli.js" "publish"
41 error node v4.1.1
42 error npm  v2.14.4
43 error code E403
44 error "You cannot publish over the previously published version 0.0.1." : rdeclare
45 error If you need help, you may report this error at:
45 error     <https://github.com/npm/npm/issues>
46 verbose exit [ 1, true ]
